-------------------------------------------------------------------------------
Test set: TestTest
-------------------------------------------------------------------------------
Tests run: 2, Failures: 1, Errors: 0, Skipped: 0, Time elapsed: 0.038 s <<< FAILURE! - in TestTest
TestquickFailing  Time elapsed: 0.033 s  <<< FAILURE!
org.opentest4j.AssertionFailedError: expected: <1> but was: <2>
	at TestTest.TestquickFailing(TestTest.java:14)

